2026-03-14 21:47:04,264 - INFO - ============================================================
2026-03-14 21:47:04,264 - INFO - STARTING FULL UPDATE JOB
2026-03-14 21:47:04,264 - INFO - Timestamp: 2026-03-14 21:47:04
2026-03-14 21:47:04,264 - INFO - ============================================================
2026-03-14 21:47:05,729 - INFO - ============================================================
2026-03-14 21:47:05,729 - INFO - STARTING TV SHOW CAST/CREW UPDATE
2026-03-14 21:47:05,729 - INFO - ============================================================
2026-03-14 21:47:05,729 - INFO - Fetching TV show IDs from MotherDuck...
2026-03-14 21:47:06,921 - INFO - Found 169632 TV show IDs to process.
2026-03-14 21:47:06,921 - INFO - Starting parallel API retrieval with 15 workers...
2026-03-14 21:47:39,593 - INFO - TV Progress: 500/169632 (0.29%)
2026-03-14 21:48:12,612 - INFO - TV Progress: 1000/169632 (0.59%)
2026-03-14 21:48:45,398 - INFO - TV Progress: 1500/169632 (0.88%)
2026-03-14 21:49:17,206 - INFO - TV Progress: 2000/169632 (1.18%)
2026-03-14 21:49:48,577 - INFO - TV Progress: 2500/169632 (1.47%)
2026-03-14 21:50:20,166 - INFO - TV Progress: 3000/169632 (1.77%)
2026-03-14 21:50:52,086 - INFO - TV Progress: 3500/169632 (2.06%)
2026-03-14 21:51:23,055 - INFO - TV Progress: 4000/169632 (2.36%)
2026-03-14 21:51:55,079 - INFO - TV Progress: 4500/169632 (2.65%)
2026-03-14 21:52:26,041 - INFO - TV Progress: 5000/169632 (2.95%)
2026-03-14 21:52:57,773 - INFO - TV Progress: 5500/169632 (3.24%)
